kotlin version: 2.1.0
error message: org.jetbrains.kotlin.backend.common.BackendException: Backend Internal error: Exception during IR lowering
File being compiled: C:/Users/User/Desktop/Portfolio/Cinepoisk/feature/onboarding/src/main/java/com/mountech/onboarding/presentation/screen/Onboarding.kt
The root cause java.lang.RuntimeException was thrown at: org.jetbrains.kotlin.backend.jvm.codegen.FunctionCodegen.generate(FunctionCodegen.kt:48)
	at org.jetbrains.kotlin.backend.common.CodegenUtil.reportBackendException(CodegenUtil.kt:253)
	at org.jetbrains.kotlin.backend.common.CodegenUtil.reportBackendException$default(CodegenUtil.kt:236)
	at org.jetbrains.kotlin.backend.common.phaser.PerformByIrFilePhase.invokeSequential(performByIrFile.kt:55)
	at org.jetbrains.kotlin.backend.common.phaser.PerformByIrFilePhase.invoke(performByIrFile.kt:42)
	at org.jetbrains.kotlin.backend.common.phaser.PerformByIrFilePhase.invoke(performByIrFile.kt:28)
	at org.jetbrains.kotlin.backend.common.phaser.NamedCompilerPhase.phaseBody(CompilerPhase.kt:166)
	at org.jetbrains.kotlin.backend.common.phaser.AbstractNamedCompilerPhase.invoke(CompilerPhase.kt:113)
	at org.jetbrains.kotlin.backend.common.phaser.CompositePhase.invoke(PhaseBuilders.kt:27)
	at org.jetbrains.kotlin.backend.common.phaser.CompositePhase.invoke(PhaseBuilders.kt:14)
	at org.jetbrains.kotlin.backend.common.phaser.NamedCompilerPhase.phaseBody(CompilerPhase.kt:166)
	at org.jetbrains.kotlin.backend.common.phaser.AbstractNamedCompilerPhase.invoke(CompilerPhase.kt:113)
	at org.jetbrains.kotlin.backend.common.phaser.CompilerPhaseKt.invokeToplevel(CompilerPhase.kt:62)
	at org.jetbrains.kotlin.backend.jvm.JvmIrCodegenFactory.invokeCodegen(JvmIrCodegenFactory.kt:371)
	at org.jetbrains.kotlin.codegen.CodegenFactory.generateModule(CodegenFactory.kt:47)
	at org.jetbrains.kotlin.backend.jvm.JvmIrCodegenFactory.generateModuleInFrontendIRMode(JvmIrCodegenFactory.kt:433)
	at org.jetbrains.kotlin.cli.jvm.compiler.pipeline.JvmCompilerPipelineKt.generateCodeFromIr(jvmCompilerPipeline.kt:192)
	at org.jetbrains.kotlin.cli.jvm.compiler.pipeline.JvmCompilerPipelineKt.runBackend(jvmCompilerPipeline.kt:80)
	at org.jetbrains.kotlin.cli.jvm.compiler.pipeline.JvmCompilerPipelineLightTreeKt.compileModule(jvmCompilerPipelineLightTree.kt:264)
	at org.jetbrains.kotlin.cli.jvm.compiler.pipeline.JvmCompilerPipelineLightTreeKt.compileSingleModuleUsingFrontendIrAndLightTree(jvmCompilerPipelineLightTree.kt:231)
	at org.jetbrains.kotlin.cli.jvm.compiler.pipeline.JvmCompilerPipelineLightTreeKt.compileModulesUsingFrontendIrAndLightTree(jvmCompilerPipelineLightTree.kt:86)
	at org.jetbrains.kotlin.cli.jvm.K2JVMCompiler.doExecute(K2JVMCompiler.kt:146)
	at org.jetbrains.kotlin.cli.jvm.K2JVMCompiler.doExecute(K2JVMCompiler.kt:43)
	at org.jetbrains.kotlin.cli.common.CLICompiler.execImpl(CLICompiler.kt:102)
	at org.jetbrains.kotlin.cli.common.CLICompiler.exec(CLICompiler.kt:316)
	at org.jetbrains.kotlin.incremental.IncrementalJvmCompilerRunner.runCompiler(IncrementalJvmCompilerRunner.kt:464)
	at org.jetbrains.kotlin.incremental.IncrementalJvmCompilerRunner.runCompiler(IncrementalJvmCompilerRunner.kt:73)
	at org.jetbrains.kotlin.incremental.IncrementalCompilerRunner.doCompile(IncrementalCompilerRunner.kt:506)
	at org.jetbrains.kotlin.incremental.IncrementalCompilerRunner.compileImpl(IncrementalCompilerRunner.kt:423)
	at org.jetbrains.kotlin.incremental.IncrementalCompilerRunner.compileNonIncrementally(IncrementalCompilerRunner.kt:301)
	at org.jetbrains.kotlin.incremental.IncrementalCompilerRunner.compile(IncrementalCompilerRunner.kt:129)
	at org.jetbrains.kotlin.daemon.CompileServiceImplBase.execIncrementalCompiler(CompileServiceImpl.kt:674)
	at org.jetbrains.kotlin.daemon.CompileServiceImplBase.access$execIncrementalCompiler(CompileServiceImpl.kt:91)
	at org.jetbrains.kotlin.daemon.CompileServiceImpl.compile(CompileServiceImpl.kt:1659)
	at java.base/jdk.internal.reflect.DirectMethodHandleAccessor.invoke(Unknown Source)
	at java.base/java.lang.reflect.Method.invoke(Unknown Source)
	at java.rmi/sun.rmi.server.UnicastServerRef.dispatch(Unknown Source)
	at java.rmi/sun.rmi.transport.Transport$1.run(Unknown Source)
	at java.rmi/sun.rmi.transport.Transport$1.run(Unknown Source)
	at java.base/java.security.AccessController.doPrivileged(Unknown Source)
	at java.rmi/sun.rmi.transport.Transport.serviceCall(Unknown Source)
	at java.rmi/sun.rmi.transport.tcp.TCPTransport.handleMessages(Unknown Source)
	at java.rmi/sun.rmi.transport.tcp.TCPTransport$ConnectionHandler.run0(Unknown Source)
	at java.rmi/sun.rmi.transport.tcp.TCPTransport$ConnectionHandler.lambda$run$0(Unknown Source)
	at java.base/java.security.AccessController.doPrivileged(Unknown Source)
	at java.rmi/sun.rmi.transport.tcp.TCPTransport$ConnectionHandler.run(Unknown Source)
	at java.base/java.util.concurrent.ThreadPoolExecutor.runWorker(Unknown Source)
	at java.base/java.util.concurrent.ThreadPoolExecutor$Worker.run(Unknown Source)
	at java.base/java.lang.Thread.run(Unknown Source)
Caused by: java.lang.RuntimeException: Exception while generating code for:
FUN name:MoviePager visibility:private modality:FINAL <> (modifier:androidx.compose.ui.Modifier) returnType:kotlin.Unit
  annotations:
    Composable
  VALUE_PARAMETER name:modifier index:0 type:androidx.compose.ui.Modifier
    EXPRESSION_BODY
      ERROR_EXPR 'Default Stub' type=androidx.compose.ui.Modifier
  BLOCK_BODY
    VAR name:movies type:kotlin.collections.List<com.mountech.onboarding.data.models.MovieDto> [val]
      CALL 'internal final fun execute (): kotlin.collections.List<com.mountech.onboarding.data.models.MovieDto> declared in com.mountech.onboarding.domain.GetMoviesListUseCase' type=kotlin.collections.List<com.mountech.onboarding.data.models.MovieDto> origin=null
        $this: CONSTRUCTOR_CALL 'public constructor <init> () [primary] declared in com.mountech.onboarding.domain.GetMoviesListUseCase' type=com.mountech.onboarding.domain.GetMoviesListUseCase origin=null
    VAR name:backgroundPagerState type:androidx.compose.foundation.pager.PagerState [val]
      CALL 'public final fun rememberPagerState$default (initialPage: kotlin.Int, initialPageOffsetFraction: kotlin.Float, pageCount: kotlin.Function0<kotlin.Int>, $mask0: kotlin.Int, $handler: kotlin.Any?): androidx.compose.foundation.pager.PagerState declared in androidx.compose.foundation.pager.PagerStateKt' type=androidx.compose.foundation.pager.PagerState origin=DEFAULT_DISPATCH_CALL
        initialPage: COMPOSITE type=kotlin.Int origin=DEFAULT_VALUE
          CONST Int type=kotlin.Int value=0
        initialPageOffsetFraction: COMPOSITE type=kotlin.Float origin=DEFAULT_VALUE
          CONST Float type=kotlin.Float value=0.0
        pageCount: BLOCK type=kotlin.Function0<kotlin.Int> origin=LAMBDA
          COMPOSITE type=kotlin.Unit origin=null
          CALL 'public final fun <jvm-indy> <T> (dynamicCall: T of kotlin.jvm.internal.<jvm-indy>, bootstrapMethodHandle: kotlin.Any, vararg bootstrapMethodArguments: kotlin.Any): T of kotlin.jvm.internal.<jvm-indy> declared in kotlin.jvm.internal' type=kotlin.Function0<kotlin.Int> origin=null
            <T>: kotlin.Function0<kotlin.Int>
            dynamicCall: CALL 'public final fun invoke (p0: kotlin.collections.List<com.mountech.onboarding.data.models.MovieDto>): kotlin.Function0<kotlin.Int> declared in kotlin.jvm.internal.invokeDynamic' type=kotlin.Function0<kotlin.Int> origin=null
              p0: GET_VAR 'val movies: kotlin.collections.List<com.mountech.onboarding.data.models.MovieDto> [val] declared in com.mountech.onboarding.presentation.screen.OnboardingKt.MoviePager' type=kotlin.collections.List<com.mountech.onboarding.data.models.MovieDto> origin=null
            bootstrapMethodHandle: CALL 'public final fun <jvm-method-handle> (tag: kotlin.Int, owner: kotlin.String, name: kotlin.String, descriptor: kotlin.String, isInterface: kotlin.Boolean): kotlin.Any declared in kotlin.jvm.internal' type=kotlin.Any origin=null
              tag: CONST Int type=kotlin.Int value=6
              owner: CONST String type=kotlin.String value="java/lang/invoke/LambdaMetafactory"
              name: CONST String type=kotlin.String value="metafactory"
              descriptor: CONST String type=kotlin.String value="(Ljava/lang/invoke/MethodHandles$Lookup;Ljava/lang/String;Ljava/lang/invoke/MethodType;Ljava/lang/invoke/MethodType;Ljava/lang/invoke/MethodHandle;Ljava/lang/invoke/MethodType;)Ljava/lang/invoke/CallSite;"
              isInterface: CONST Boolean type=kotlin.Boolean value=false
            bootstrapMethodArguments: VARARG type=kotlin.Array<kotlin.Any> varargElementType=kotlin.Any
              CALL 'public final fun <jvm-original-method-type> (method: kotlin.Any): kotlin.Any declared in kotlin.jvm.internal' type=kotlin.Any origin=null
                method: RAW_FUNCTION_REFERENCE 'public abstract fun invoke (): R of kotlin.Function0 [operator] declared in kotlin.Function0' type=kotlin.Any
              RAW_FUNCTION_REFERENCE 'private final fun MoviePager$lambda$0 ($movies: kotlin.collections.List<com.mountech.onboarding.data.models.MovieDto>): kotlin.Int declared in com.mountech.onboarding.presentation.screen.OnboardingKt' type=kotlin.Any
              CALL 'public final fun <jvm-original-method-type> (method: kotlin.Any): kotlin.Any declared in kotlin.jvm.internal' type=kotlin.Any origin=null
                method: RAW_FUNCTION_REFERENCE 'public abstract fun invoke (): kotlin.Int? [fake_override,operator] declared in kotlin.jvm.internal.invokeDynamic.<fake>' type=kotlin.Any
        $mask0: CONST Int type=kotlin.Int value=3
        $handler: CONST Null type=kotlin.Any? value=null
    VAR name:movieCardPagerState type:androidx.compose.foundation.pager.PagerState [val]
      CALL 'public final fun rememberPagerState$default (initialPage: kotlin.Int, initialPageOffsetFraction: kotlin.Float, pageCount: kotlin.Function0<kotlin.Int>, $mask0: kotlin.Int, $handler: kotlin.Any?): androidx.compose.foundation.pager.PagerState declared in androidx.compose.foundation.pager.PagerStateKt' type=androidx.compose.foundation.pager.PagerState origin=DEFAULT_DISPATCH_CALL
        initialPage: COMPOSITE type=kotlin.Int origin=DEFAULT_VALUE
          CONST Int type=kotlin.Int value=0
        initialPageOffsetFraction: COMPOSITE type=kotlin.Float origin=DEFAULT_VALUE
          CONST Float type=kotlin.Float value=0.0
        pageCount: BLOCK type=kotlin.Function0<kotlin.Int> origin=LAMBDA
          COMPOSITE type=kotlin.Unit origin=null
          CALL 'public final fun <jvm-indy> <T> (dynamicCall: T of kotlin.jvm.internal.<jvm-indy>, bootstrapMethodHandle: kotlin.Any, vararg bootstrapMethodArguments: kotlin.Any): T of kotlin.jvm.internal.<jvm-indy> declared in kotlin.jvm.internal' type=kotlin.Function0<kotlin.Int> origin=null
            <T>: kotlin.Function0<kotlin.Int>
            dynamicCall: CALL 'public final fun invoke (p0: kotlin.collections.List<com.mountech.onboarding.data.models.MovieDto>): kotlin.Function0<kotlin.Int> declared in kotlin.jvm.internal.invokeDynamic' type=kotlin.Function0<kotlin.Int> origin=null
              p0: GET_VAR 'val movies: kotlin.collections.List<com.mountech.onboarding.data.models.MovieDto> [val] declared in com.mountech.onboarding.presentation.screen.OnboardingKt.MoviePager' type=kotlin.collections.List<com.mountech.onboarding.data.models.MovieDto> origin=null
            bootstrapMethodHandle: CALL 'public final fun <jvm-method-handle> (tag: kotlin.Int, owner: kotlin.String, name: kotlin.String, descriptor: kotlin.String, isInterface: kotlin.Boolean): kotlin.Any declared in kotlin.jvm.internal' type=kotlin.Any origin=null
              tag: CONST Int type=kotlin.Int value=6
              owner: CONST String type=kotlin.String value="java/lang/invoke/LambdaMetafactory"
              name: CONST String type=kotlin.String value="metafactory"
              descriptor: CONST String type=kotlin.String value="(Ljava/lang/invoke/MethodHandles$Lookup;Ljava/lang/String;Ljava/lang/invoke/MethodType;Ljava/lang/invoke/MethodType;Ljava/lang/invoke/MethodHandle;Ljava/lang/invoke/MethodType;)Ljava/lang/invoke/CallSite;"
              isInterface: CONST Boolean type=kotlin.Boolean value=false
            bootstrapMethodArguments: VARARG type=kotlin.Array<kotlin.Any> varargElementType=kotlin.Any
              CALL 'public final fun <jvm-original-method-type> (method: kotlin.Any): kotlin.Any declared in kotlin.jvm.internal' type=kotlin.Any origin=null
                method: RAW_FUNCTION_REFERENCE 'public abstract fun invoke (): R of kotlin.Function0 [operator] declared in kotlin.Function0' type=kotlin.Any
              RAW_FUNCTION_REFERENCE 'private final fun MoviePager$lambda$1 ($movies: kotlin.collections.List<com.mountech.onboarding.data.models.MovieDto>): kotlin.Int declared in com.mountech.onboarding.presentation.screen.OnboardingKt' type=kotlin.Any
              CALL 'public final fun <jvm-original-method-type> (method: kotlin.Any): kotlin.Any declared in kotlin.jvm.internal' type=kotlin.Any origin=null
                method: RAW_FUNCTION_REFERENCE 'public abstract fun invoke (): kotlin.Int? [fake_override,operator] declared in kotlin.jvm.internal.invokeDynamic.<fake>' type=kotlin.Any
        $mask0: CONST Int type=kotlin.Int value=3
        $handler: CONST Null type=kotlin.Any? value=null
    VAR PROPERTY_DELEGATE name:scrollingPair$delegate type:androidx.compose.runtime.State<kotlin.Pair<androidx.compose.foundation.pager.PagerState, androidx.compose.foundation.pager.PagerState>?> [val]
      CALL 'public final fun remember <T> (calculation: @[DisallowComposableCalls] kotlin.Function0<T of androidx.compose.runtime.ComposablesKt.remember>): T of androidx.compose.runtime.ComposablesKt.remember [inline] declared in androidx.compose.runtime.ComposablesKt' type=androidx.compose.runtime.State<kotlin.Pair<androidx.compose.foundation.pager.PagerState, androidx.compose.foundation.pager.PagerState>?> origin=null
        <T>: androidx.compose.runtime.State<kotlin.Pair<androidx.compose.foundation.pager.PagerState, androidx.compose.foundation.pager.PagerState>?>
        calculation: BLOCK type=kotlin.Function0<androidx.compose.runtime.State<kotlin.Pair<androidx.compose.foundation.pager.PagerState, androidx.compose.foundation.pager.PagerState>?>> origin=LAMBDA
          COMPOSITE type=kotlin.Unit origin=null
          FUNCTION_REFERENCE 'private final fun MoviePager$lambda$2 ($backgroundPagerState: androidx.compose.foundation.pager.PagerState, $movieCardPagerState: androidx.compose.foundation.pager.PagerState): androidx.compose.runtime.State<kotlin.Pair<androidx.compose.foundation.pager.PagerState, androidx.compose.foundation.pager.PagerState>?> declared in com.mountech.onboarding.presentation.screen.OnboardingKt' type=kotlin.Function0<androidx.compose.runtime.State<kotlin.Pair<androidx.compose.foundation.pager.PagerState, androidx.compose.foundation.pager.PagerState>?>> origin=INLINE_LAMBDA reflectionTarget=null
            $backgroundPagerState: GET_VAR 'val backgroundPagerState: androidx.compose.foundation.pager.PagerState [val] declared in com.mountech.onboarding.presentation.screen.OnboardingKt.MoviePager' type=androidx.compose.foundation.pager.PagerState origin=null
            $movieCardPagerState: GET_VAR 'val movieCardPagerState: androidx.compose.foundation.pager.PagerState [val] declared in com.mountech.onboarding.presentation.screen.OnboardingKt.MoviePager' type=androidx.compose.foundation.pager.PagerState origin=null
    CALL 'public final fun LaunchedEffect (key1: kotlin.Any?, block: @[ExtensionFunctionType] kotlin.coroutines.SuspendFunction1<kotlinx.coroutines.CoroutineScope, kotlin.Unit>): kotlin.Unit declared in androidx.compose.runtime.EffectsKt' type=kotlin.Unit origin=null
      key1: CALL 'private final fun MoviePager$lambda$3 ($scrollingPair$delegate: androidx.compose.runtime.State<kotlin.Pair<androidx.compose.foundation.pager.PagerState, androidx.compose.foundation.pager.PagerState>?>): kotlin.Pair<androidx.compose.foundation.pager.PagerState, androidx.compose.foundation.pager.PagerState>? declared in com.mountech.onboarding.presentation.screen.OnboardingKt' type=kotlin.Pair<androidx.compose.foundation.pager.PagerState, androidx.compose.foundation.pager.PagerState>? origin=GET_LOCAL_PROPERTY
        $scrollingPair$delegate: GET_VAR 'val scrollingPair$delegate: androidx.compose.runtime.State<kotlin.Pair<androidx.compose.foundation.pager.PagerState, androidx.compose.foundation.pager.PagerState>?> [val] declared in com.mountech.onboarding.presentation.screen.OnboardingKt.MoviePager' type=androidx.compose.runtime.State<kotlin.Pair<androidx.compose.foundation.pager.PagerState, androidx.compose.foundation.pager.PagerState>?> origin=null
      block: BLOCK type=com.mountech.onboarding.presentation.screen.OnboardingKt.MoviePager.<no name provided> origin=null
        CLASS SUSPEND_LAMBDA CLASS name:<no name provided> modality:FINAL visibility:public/*package*/ superTypes:[kotlin.coroutines.jvm.internal.SuspendLambda; kotlin.jvm.functions.Function2<kotlinx.coroutines.CoroutineScope, kotlin.coroutines.Continuation<kotlin.Unit>?, kotlin.Any?>]
          $this: VALUE_PARAMETER INSTANCE_RECEIVER name:<this> type:com.mountech.onboarding.presentation.screen.OnboardingKt.MoviePager.<no name provided>
          FIELD name:label type:kotlin.Int visibility:public/*package*/
          CONSTRUCTOR SUSPEND_LAMBDA visibility:public/*package*/ <> ($scrollingPair$delegate:androidx.compose.runtime.State<kotlin.Pair<androidx.compose.foundation.pager.PagerState, androidx.compose.foundation.pager.PagerState>?>, $completion:kotlin.coroutines.Continuation<com.mountech.onboarding.presentation.screen.OnboardingKt.MoviePager.<no name provided>>?) returnType:com.mountech.onboarding.presentation.screen.OnboardingKt.MoviePager.<no name provided> [primary]
            VALUE_PARAMETER BOUND_VALUE_PARAMETER name:$scrollingPair$delegate index:0 type:androidx.compose.runtime.State<kotlin.Pair<androidx.compose.foundation.pager.PagerState, androidx.compose.foundation.pager.PagerState>?>
            VALUE_PARAMETER name:$completion index:1 type:kotlin.coroutines.Continuation<com.mountech.onboarding.presentation.screen.OnboardingKt.MoviePager.<no name provided>>?
            BLOCK_BODY
              SET_FIELD 'FIELD FIELD_FOR_CAPTURED_VALUE name:$scrollingPair$delegate type:androidx.compose.runtime.State<kotlin.Pair<androidx.compose.foundation.pager.PagerState, androidx.compose.foundation.pager.PagerState>?> visibility:public/*package*/ [final] declared in com.mountech.onboarding.presentation.screen.OnboardingKt.MoviePager.<no name provided>' type=kotlin.Unit origin=INITIALIZER_OF_FIELD_FOR_CAPTURED_VALUE
                receiver: GET_VAR '<this>: com.mountech.onboarding.presentation.screen.OnboardingKt.MoviePager.<no name provided> declared in com.mountech.onboarding.presentation.screen.OnboardingKt.MoviePager.<no name provided>' type=com.mountech.onboarding.presentation.screen.OnboardingKt.MoviePager.<no name provided> origin=null
                value: GET_VAR '$scrollingPair$delegate: androidx.compose.runtime.State<kotlin.Pair<androidx.compose.foundation.pager.PagerState, androidx.compose.foundation.pager.PagerState>?> declared in com.mountech.onboarding.presentation.screen.OnboardingKt.MoviePager.<no name provided>.<init>' type=androidx.compose.runtime.State<kotlin.Pair<androidx.compose.foundation.pager.PagerState, androidx.compose.foundation.pager.PagerState>?> origin=null
              DELEGATING_CONSTRUCTOR_CALL 'public constructor <init> (arity: kotlin.Int, $completion: kotlin.coroutines.Continuation<kotlin.Any?>?) declared in kotlin.coroutines.jvm.internal.SuspendLambda'
                arity: CONST Int type=kotlin.Int value=2
                $completion: GET_VAR '$completion: kotlin.coroutines.Continuation<com.mountech.onboarding.presentation.screen.OnboardingKt.MoviePager.<no name provided>>? declared in com.mountech.onboarding.presentation.screen.OnboardingKt.MoviePager.<no name provided>.<init>' type=kotlin.coroutines.Continuation<com.mountech.onboarding.presentation.screen.OnboardingKt.MoviePager.<no name provided>>? origin=null
              BLOCK type=kotlin.Unit origin=null
          FUN name:invokeSuspend visibility:public modality:FINAL <> ($this:com.mountech.onboarding.presentation.screen.OnboardingKt.MoviePager.<no name provided>, $result:kotlin.Result<kotlin.Any?>) returnType:kotlin.Any?
            overridden:
              protected abstract fun invokeSuspend ($result: kotlin.Result<kotlin.Any?>): kotlin.Any? declared in kotlin.coroutines.jvm.internal.SuspendLambda
            $this: VALUE_PARAMETER INSTANCE_RECEIVER name:<this> type:com.mountech.onboarding.presentation.screen.OnboardingKt.MoviePager.<no name provided>
            VALUE_PARAMETER name:$result index:0 type:kotlin.Result<kotlin.Any?>
            BLOCK_BODY
              COMPOSITE type=kotlin.Unit origin=null
                BLOCK type=kotlin.Unit? origin=FOLDED_SAFE_CALL
                  WHEN type=kotlin.Unit? origin=FOLDED_SAFE_CALL
                    BRANCH
                      if: COMPOSITE type=kotlin.Boolean origin=null
                        VAR IR_TEMPORARY_VARIABLE name:tmp0_safe_receiver type:kotlin.Pair<androidx.compose.foundation.pager.PagerState, androidx.compose.foundation.pager.PagerState>? [val]
                          CALL 'public final fun access$MoviePager$lambda$3 ($scrollingPair$delegate: androidx.compose.runtime.State<kotlin.Pair<androidx.compose.foundation.pager.PagerState, androidx.compose.foundation.pager.PagerState>?>): kotlin.Pair<androidx.compose.foundation.pager.PagerState, androidx.compose.foundation.pager.PagerState>? declared in com.mountech.onboarding.presentation.screen.OnboardingKt' type=kotlin.Pair<androidx.compose.foundation.pager.PagerState, androidx.compose.foundation.pager.PagerState>? origin=GET_LOCAL_PROPERTY
                            $scrollingPair$delegate: GET_FIELD 'FIELD FIELD_FOR_CAPTURED_VALUE name:$scrollingPair$delegate type:androidx.compose.runtime.State<kotlin.Pair<androidx.compose.foundation.pager.PagerState, androidx.compose.foundation.pager.PagerState>?> visibility:public/*package*/ [final] declared in com.mountech.onboarding.presentation.screen.OnboardingKt.MoviePager.<no name provided>' type=androidx.compose.runtime.State<kotlin.Pair<androidx.compose.foundation.pager.PagerState, androidx.compose.foundation.pager.PagerState>?> origin=null
                              receiver: GET_VAR '<this>: com.mountech.onboarding.presentation.screen.OnboardingKt.MoviePager.<no name provided> declared in com.mountech.onboarding.presentation.screen.OnboardingKt.MoviePager.<no name provided>.invokeSuspend' type=com.mountech.onboarding.presentation.screen.OnboardingKt.MoviePager.<no name provided> origin=null
                        CALL 'public final fun not (): kotlin.Boolean [operator] declared in kotlin.Boolean' type=kotlin.Boolean origin=null
                          $this: CALL 'public final fun EQEQ (arg0: kotlin.Any?, arg1: kotlin.Any?): kotlin.Boolean declared in kotlin.internal.ir' type=kotlin.Boolean origin=null
                            arg0: GET_VAR 'val tmp0_safe_receiver: kotlin.Pair<androidx.compose.foundation.pager.PagerState, androidx.compose.foundation.pager.PagerState>? [val] declared in com.mountech.onboarding.presentation.screen.OnboardingKt.MoviePager.<no name provided>.invokeSuspend' type=kotlin.Pair<androidx.compose.foundation.pager.PagerState, androidx.compose.foundation.pager.PagerState>? origin=null
                            arg1: CONST Null type=kotlin.Nothing? value=null
                      then: CALL 'public final fun let <T, R> (block: kotlin.Function1<T of kotlin.StandardKt.let, R of kotlin.StandardKt.let>): R of kotlin.StandardKt.let [inline] declared in kotlin.StandardKt' type=kotlin.Unit origin=null
                        <T>: kotlin.Pair<androidx.compose.foundation.pager.PagerState, androidx.compose.foundation.pager.PagerState>
                        <R>: kotlin.Unit
                        $receiver: GET_VAR 'val tmp0_safe_receiver: kotlin.Pair<androidx.compose.foundation.pager.PagerState, androidx.compose.foundation.pager.PagerState>? [val] declared in com.mountech.onboarding.presentation.screen.OnboardingKt.MoviePager.<no name provided>.invokeSuspend' type=kotlin.Pair<androidx.compose.foundation.pager.PagerState, androidx.compose.foundation.pager.PagerState>? origin=null
                        block: BLOCK type=kotlin.Function1<kotlin.Pair<androidx.compose.foundation.pager.PagerState, androidx.compose.foundation.pager.PagerState>, kotlin.Unit> origin=LAMBDA
                          COMPOSITE type=kotlin.Unit origin=null
                          FUNCTION_REFERENCE 'private final fun invokeSuspend$lambda$1 (<destruct>: kotlin.Pair<androidx.compose.foundation.pager.PagerState, androidx.compose.foundation.pager.PagerState>): kotlin.Unit declared in com.mountech.onboarding.presentation.screen.OnboardingKt.MoviePager.<no name provided>' type=kotlin.Function1<kotlin.Pair<androidx.compose.foundation.pager.PagerState, androidx.compose.foundation.pager.PagerState>, kotlin.Unit> origin=INLINE_LAMBDA reflectionTarget=null
                    BRANCH
                      if: CONST Boolean type=kotlin.Boolean value=true
                      then: CONST Null type=kotlin.Nothing? value=null
          FUN name:create visibility:public modality:FINAL <> ($this:com.mountech.onboarding.presentation.screen.OnboardingKt.MoviePager.<no name provided>, value:kotlin.Any?, $completion:kotlin.coroutines.Continuation<kotlin.Nothing>) returnType:kotlin.coroutines.Continuation<kotlin.Unit>
            overridden:
              public open fun create (value: kotlin.Any?, $completion: kotlin.coroutines.Continuation<kotlin.Nothing>): kotlin.coroutines.Continuation<kotlin.Unit> declared in kotlin.coroutines.jvm.internal.SuspendLambda
            $this: VALUE_PARAMETER INSTANCE_RECEIVER name:<this> type:com.mountech.onboarding.presentation.screen.OnboardingKt.MoviePager.<no name provided>
            VALUE_PARAMETER name:value index:0 type:kotlin.Any?
            VALUE_PARAMETER name:$completion index:1 type:kotlin.coroutines.Continuation<kotlin.Nothing>
            BLOCK_BODY
              RETURN type=kotlin.Nothing from='public final fun create (value: kotlin.Any?, $completion: kotlin.coroutines.Continuation<kotlin.Nothing>): kotlin.coroutines.Continuation<kotlin.Unit> declared in com.mountech.onboarding.presentation.screen.OnboardingKt.MoviePager.<no name provided>'
                CONSTRUCTOR_CALL 'public/*package*/ constructor <init> ($scrollingPair$delegate: androidx.compose.runtime.State<kotlin.Pair<androidx.compose.foundation.pager.PagerState, androidx.compose.foundation.pager.PagerState>?>, $completion: kotlin.coroutines.Continuation<com.mountech.onboarding.presentation.screen.OnboardingKt.MoviePager.<no name provided>>?) [primary] declared in com.mountech.onboarding.presentation.screen.OnboardingKt.MoviePager.<no name provided>' type=com.mountech.onboarding.presentation.screen.OnboardingKt.MoviePager.<no name provided> origin=null
                  $scrollingPair$delegate: GET_FIELD 'FIELD FIELD_FOR_CAPTURED_VALUE name:$scrollingPair$delegate type:androidx.compose.runtime.State<kotlin.Pair<androidx.compose.foundation.pager.PagerState, androidx.compose.foundation.pager.PagerState>?> visibility:public/*package*/ [final] declared in com.mountech.onboarding.presentation.screen.OnboardingKt.MoviePager.<no name provided>' type=androidx.compose.runtime.State<kotlin.Pair<androidx.compose.foundation.pager.PagerState, androidx.compose.foundation.pager.PagerState>?> origin=null
                    receiver: GET_VAR '<this>: com.mountech.onboarding.presentation.screen.OnboardingKt.MoviePager.<no name provided> declared in com.mountech.onboarding.presentation.screen.OnboardingKt.MoviePager.<no name provided>.create' type=com.mountech.onboarding.presentation.screen.OnboardingKt.MoviePager.<no name provided> origin=null
                  $completion: GET_VAR '$completion: kotlin.coroutines.Continuation<kotlin.Nothing> declared in com.mountech.onboarding.presentation.screen.OnboardingKt.MoviePager.<no name provided>.create' type=kotlin.coroutines.Continuation<kotlin.Nothing> origin=null
          FUN name:invoke visibility:public modality:FINAL <> ($this:com.mountech.onboarding.presentation.screen.OnboardingKt.MoviePager.<no name provided>, p1:kotlinx.coroutines.CoroutineScope, p2:kotlin.coroutines.Continuation<kotlin.Unit>?) returnType:kotlin.Any?
            overridden:
              public abstract fun invoke (p1: P1 of kotlin.jvm.functions.Function2, p2: P2 of kotlin.jvm.functions.Function2): R of kotlin.jvm.functions.Function2 declared in kotlin.jvm.functions.Function2
            $this: VALUE_PARAMETER INSTANCE_RECEIVER name:<this> type:com.mountech.onboarding.presentation.screen.OnboardingKt.MoviePager.<no name provided>
            VALUE_PARAMETER name:p1 index:0 type:kotlinx.coroutines.CoroutineScope
            VALUE_PARAMETER name:p2 index:1 type:kotlin.coroutines.Continuation<kotlin.Unit>?
            BLOCK_BODY
              RETURN type=kotlin.Nothing from='public final fun invoke (p1: kotlinx.coroutines.CoroutineScope, p2: kotlin.coroutines.Continuation<kotlin.Unit>?): kotlin.Any? declared in com.mountech.onboarding.presentation.screen.OnboardingKt.MoviePager.<no name provided>'
                CALL 'public final fun invokeSuspend ($result: kotlin.Result<kotlin.Any?>): kotlin.Any? declared in com.mountech.onboarding.presentation.screen.OnboardingKt.MoviePager.<no name provided>' type=kotlin.Any? origin=null
                  $this: TYPE_OP type=com.mountech.onboarding.presentation.screen.OnboardingKt.MoviePager.<no name provided> origin=IMPLICIT_CAST typeOperand=com.mountech.onboarding.presentation.screen.OnboardingKt.MoviePager.<no name provided>
                    CALL 'public final fun create (value: kotlin.Any?, $completion: kotlin.coroutines.Continuation<kotlin.Nothing>): kotlin.coroutines.Continuation<kotlin.Unit> declared in com.mountech.onboarding.presentation.screen.OnboardingKt.MoviePager.<no name provided>' type=kotlin.coroutines.Continuation<kotlin.Unit> origin=null
                      $this: GET_VAR '<this>: com.mountech.onboarding.presentation.screen.OnboardingKt.MoviePager.<no name provided> declared in com.mountech.onboarding.presentation.screen.OnboardingKt.MoviePager.<no name provided>.invoke' type=com.mountech.onboarding.presentation.screen.OnboardingKt.MoviePager.<no name provided> origin=null
                      value: GET_VAR 'p1: kotlinx.coroutines.CoroutineScope declared in com.mountech.onboarding.presentation.screen.OnboardingKt.MoviePager.<no name provided>.invoke' type=kotlinx.coroutines.CoroutineScope origin=null
                      $completion: GET_VAR 'p2: kotlin.coroutines.Continuation<kotlin.Unit>? declared in com.mountech.onboarding.presentation.screen.OnboardingKt.MoviePager.<no name provided>.invoke' type=kotlin.coroutines.Continuation<kotlin.Unit>? origin=null
                  $result: CALL 'public final fun <unsafe-coerce> <T, R> (v: T of kotlin.jvm.internal.<unsafe-coerce>): R of kotlin.jvm.internal.<unsafe-coerce> declared in kotlin.jvm.internal' type=kotlin.Result<kotlin.Any?> origin=null
                    <T>: kotlin.Any?
                    <R>: kotlin.Result<kotlin.Any?>
                    v: GET_FIELD 'FIELD FIELD_FOR_OBJECT_INSTANCE name:INSTANCE type:kotlin.Unit visibility:public [final,static] declared in kotlin.Unit' type=kotlin.Unit origin=null
          FIELD FIELD_FOR_CAPTURED_VALUE name:$scrollingPair$delegate type:androidx.compose.runtime.State<kotlin.Pair<androidx.compose.foundation.pager.PagerState, androidx.compose.foundation.pager.PagerState>?> visibility:public/*package*/ [final]
          FUN LOCAL_FUNCTION_FOR_LAMBDA name:invokeSuspend$lambda$1$lambda$0 visibility:private modality:FINAL <> ($scrollingState:androidx.compose.foundation.pager.PagerState) returnType:kotlin.Float
            VALUE_PARAMETER BOUND_VALUE_PARAMETER name:$scrollingState index:0 type:androidx.compose.foundation.pager.PagerState
            BLOCK_BODY
              RETURN type=kotlin.Nothing from='private final fun invokeSuspend$lambda$1$lambda$0 ($scrollingState: androidx.compose.foundation.pager.PagerState): kotlin.Float declared in com.mountech.onboarding.presentation.screen.OnboardingKt.MoviePager.<no name provided>'
                CALL 'public final fun plus (other: kotlin.Float): kotlin.Float [operator] declared in kotlin.Int' type=kotlin.Float origin=PLUS
                  $this: CALL 'public final fun <get-currentPage> (): kotlin.Int declared in androidx.compose.foundation.pager.PagerState' type=kotlin.Int origin=GET_PROPERTY
                    $this: GET_VAR '$scrollingState: androidx.compose.foundation.pager.PagerState declared in com.mountech.onboarding.presentation.screen.OnboardingKt.MoviePager.<no name provided>.invokeSuspend$lambda$1$lambda$0' type=androidx.compose.foundation.pager.PagerState origin=null
                  other: CALL 'public final fun <get-currentPageOffsetFraction> (): kotlin.Float declared in androidx.compose.foundation.pager.PagerState' type=kotlin.Float origin=GET_PROPERTY
                    $this: GET_VAR '$scrollingState: androidx.compose.foundation.pager.PagerState declared in com.mountech.onboarding.presentation.screen.OnboardingKt.MoviePager.<no name provided>.invokeSuspend$lambda$1$lambda$0' type=androidx.compose.foundation.pager.PagerState origin=null
          FUN INLINE_LAMBDA name:invokeSuspend$lambda$1 visibility:private modality:FINAL <> (<destruct>:kotlin.Pair<androidx.compose.foundation.pager.PagerState, androidx.compose.foundation.pager.PagerState>) returnType:kotlin.Unit
            VALUE_PARAMETER DESTRUCTURED_OBJECT_PARAMETER name:<destruct> index:0 type:kotlin.Pair<androidx.compose.foundation.pager.PagerState, androidx.compose.foundation.pager.PagerState>
            BLOCK_BODY
              VAR name:$i$a$-let-OnboardingKt$MoviePager$1$1 type:kotlin.Int [val]
                CONST Int type=kotlin.Int value=0
              VAR name:scrollingState type:androidx.compose.foundation.pager.PagerState [val]
                CALL 'public final fun component1 (): A of kotlin.Pair [operator] declared in kotlin.Pair' type=androidx.compose.foundation.pager.PagerState origin=COMPONENT_N(index=1)
                  $this: GET_VAR '<destruct>: kotlin.Pair<androidx.compose.foundation.pager.PagerState, androidx.compose.foundation.pager.PagerState> declared in com.mountech.onboarding.presentation.screen.OnboardingKt.MoviePager.<no name provided>.invokeSuspend$lambda$1' type=kotlin.Pair<androidx.compose.foundation.pager.PagerState, androidx.compose.foundation.pager.PagerState> origin=null
              VAR name:followingState type:androidx.compose.foundation.pager.PagerState [val]
                CALL 'public final fun component2 (): B of kotlin.Pair [operator] declared in kotlin.Pair' type=androidx.compose.foundation.pager.PagerState origin=COMPONENT_N(index=2)
                  $this: GET_VAR '<destruct>: kotlin.Pair<androidx.compose.foundation.pager.PagerState, androidx.compose.foundation.pager.PagerState> declared in com.mountech.onboarding.presentation.screen.OnboardingKt.MoviePager.<no name provided>.invokeSuspend$lambda$1' type=kotlin.Pair<androidx.compose.foundation.pager.PagerState, androidx.compose.foundation.pager.PagerState> origin=null
              CALL 'public abstract fun collect (collector: kotlinx.coroutines.flow.FlowCollector<T of kotlinx.coroutines.flow.Flow>, $completion: kotlin.coroutines.Continuation<kotlin.Unit>): kotlin.Any? [suspend] declared in kotlinx.coroutines.flow.Flow' type=kotlin.Unit origin=null
                $this: CALL 'public final fun snapshotFlow <T> (block: kotlin.Function0<T of androidx.compose.runtime.SnapshotStateKt.snapshotFlow>): kotlinx.coroutines.flow.Flow<T of androidx.compose.runtime.SnapshotStateKt.snapshotFlow> declared in androidx.compose.runtime.SnapshotStateKt' type=kotlinx.coroutines.flow.Flow<kotlin.Float> origin=null
                  <T>: kotlin.Float
                  block: BLOCK type=kotlin.Function0<kotlin.Float> origin=LAMBDA
                    COMPOSITE type=kotlin.Unit origin=null
                    CALL 'public final fun <jvm-indy> <T> (dynamicCall: T of kotlin.jvm.internal.<jvm-indy>, bootstrapMethodHandle: kotlin.Any, vararg bootstrapMethodArguments: kotlin.Any): T of kotlin.jvm.internal.<jvm-indy> declared in kotlin.jvm.internal' type=kotlin.Function0<kotlin.Float> origin=null
                      <T>: kotlin.Function0<kotlin.Float>
                      dynamicCall: CALL 'public final fun invoke (p0: androidx.compose.foundation.pager.PagerState): kotlin.Function0<kotlin.Float> declared in kotlin.jvm.internal.invokeDynamic' type=kotlin.Function0<kotlin.Float> origin=null
                        p0: GET_VAR 'val scrollingState: androidx.compose.foundation.pager.PagerState [val] declared in com.mountech.onboarding.presentation.screen.OnboardingKt.MoviePager.<no name provided>.invokeSuspend$lambda$1' type=androidx.compose.foundation.pager.PagerState origin=null
                      bootstrapMethodHandle: CALL 'public final fun <jvm-method-handle> (tag: kotlin.Int, owner: kotlin.String, name: kotlin.String, descriptor: kotlin.String, isInterface: kotlin.Boolean): kotlin.Any declared in kotlin.jvm.internal' type=kotlin.Any origin=null
                        tag: CONST Int type=kotlin.Int value=6
                        owner: CONST String type=kotlin.String value="java/lang/invoke/LambdaMetafactory"
                        name: CONST String type=kotlin.String value="metafactory"
                        descriptor: CONST String type=kotlin.String value="(Ljava/lang/invoke/MethodHandles$Lookup;Ljava/lang/String;Ljava/lang/invoke/MethodType;Ljava/lang/invoke/MethodType;Ljava/lang/invoke/MethodHandle;Ljava/lang/invoke/MethodType;)Ljava/lang/invoke/CallSite;"
                        isInterface: CONST Boolean type=kotlin.Boolean value=false
                      bootstrapMethodArguments: VARARG type=kotlin.Array<kotlin.Any> varargElementType=kotlin.Any
                        CALL 'public final fun <jvm-original-method-type> (method: kotlin.Any): kotlin.Any declared in kotlin.jvm.internal' type=kotlin.Any origin=null
                          method: RAW_FUNCTION_REFERENCE 'public abstract fun invoke (): R of kotlin.Function0 [operator] declared in kotlin.Function0' type=kotlin.Any
                        RAW_FUNCTION_REFERENCE 'private final fun invokeSuspend$lambda$1$lambda$0 ($scrollingState: androidx.compose.foundation.pager.PagerState): kotlin.Float declared in com.mountech.onboarding.presentation.screen.OnboardingKt.MoviePager.<no name provided>' type=kotlin.Any
                        CALL 'public final fun <jvm-original-method-type> (method: kotlin.Any): kotlin.Any declared in kotlin.jvm.internal' type=kotlin.Any origin=null
                          method: RAW_FUNCTION_REFERENCE 'public abstract fun invoke (): kotlin.Float? [fake_override,operator] declared in kotlin.jvm.internal.invokeDynamic.<fake>' type=kotlin.Any
                collector: BLOCK type=com.mountech.onboarding.presentation.screen.OnboardingKt.MoviePager.<no name provided>.invokeSuspend$lambda$1.<no name provided><T of com.mountech.onboarding.presentation.screen.OnboardingKt.MoviePager.<no name provided>.invokeSuspend$lambda$1.<no name provided>> origin=null
                  CLASS LAMBDA_IMPL CLASS name:<no name provided> modality:FINAL visibility:public/*package*/ superTypes:[@[RawType] kotlinx.coroutines.flow.FlowCollector<T of kotlinx.coroutines.flow.FlowCollector>]
                    $this: VALUE_PARAMETER INSTANCE_RECEIVER name:<this> type:com.mountech.onboarding.presentation.screen.OnboardingKt.MoviePager.<no name provided>.invokeSuspend$lambda$1.<no name provided><T of com.mountech.onboarding.presentation.screen.OnboardingKt.MoviePager.<no name provided>.invokeSuspend$lambda$1.<no name provided>>
                    TYPE_PARAMETER name:T index:0 variance:in superTypes:[kotlin.Any?] reified:false
                    CONSTRUCTOR GENERATED_MEMBER_IN_CALLABLE_REFERENCE visibility:public/*package*/ <> ($followingState:androidx.compose.foundation.pager.PagerState) returnType:com.mountech.onboarding.presentation.screen.OnboardingKt.MoviePager.<no name provided>.invokeSuspend$lambda$1.<no name provided><T of com.mountech.onboarding.presentation.screen.OnboardingKt.MoviePager.<no name provided>.invokeSuspend$lambda$1.<no name provided>> [primary]
                      VALUE_PARAMETER BOUND_VALUE_PARAMETER name:$followingState index:0 type:androidx.compose.foundation.pager.PagerState
                      BLOCK_BODY
                        SET_FIELD 'FIELD FIELD_FOR_CAPTURED_VALUE name:$followingState type:androidx.compose.foundation.pager.PagerState visibility:public/*package*/ [final] declared in com.mountech.onboarding.presentation.screen.OnboardingKt.MoviePager.<no name provided>.invokeSuspend$lambda$1.<no name provided>' type=kotlin.Unit origin=INITIALIZER_OF_FIELD_FOR_CAPTURED_VALUE
                          receiver: GET_VAR '<this>: com.mountech.onboarding.presentation.screen.OnboardingKt.MoviePager.<no name provided>.invokeSuspend$lambda$1.<no name provided><T of com.mountech.onboarding.presentation.screen.OnboardingKt.MoviePager.<no name provided>.invokeSuspend$lambda$1.<no name provided>> declared in com.mountech.onboarding.presentation.screen.OnboardingKt.MoviePager.<no name provided>.invokeSuspend$lambda$1.<no name provided>' type=com.mountech.onboarding.presentation.screen.OnboardingKt.MoviePager.<no name provided>.invokeSuspend$lambda$1.<no name provided><T of com.mountech.onboarding.presentation.screen.OnboardingKt.MoviePager.<no name provided>.invokeSuspend$lambda$1.<no name provided>> origin=null
                          value: GET_VAR '$followingState: androidx.compose.foundation.pager.PagerState declared in com.mountech.onboarding.presentation.screen.OnboardingKt.MoviePager.<no name provided>.invokeSuspend$lambda$1.<no name provided>.<init>' type=androidx.compose.foundation.pager.PagerState origin=null
                        DELEGATING_CONSTRUCTOR_CALL 'public constructor <init> () [primary] declared in kotlin.Any'
                        BLOCK type=kotlin.Unit origin=null
                    FUN name:emit visibility:public modality:FINAL <> ($this:com.mountech.onboarding.presentation.screen.OnboardingKt.MoviePager.<no name provided>.invokeSuspend$lambda$1.<no name provided><T of com.mountech.onboarding.presentation.screen.OnboardingKt.MoviePager.<no name provided>.invokeSuspend$lambda$1.<no name provided>>, pagePart:kotlin.Float, $completion:kotlin.coroutines.Continuation<kotlin.Unit>) returnType:kotlin.Any? [suspend]
                      overridden:
                        public abstract fun emit (value: T of kotlinx.coroutines.flow.FlowCollector, $completion: kotlin.coroutines.Continuation<kotlin.Unit>): kotlin.Any? [suspend] declared in kotlinx.coroutines.flow.FlowCollector
                      $this: VALUE_PARAMETER INSTANCE_RECEIVER name:<this> type:com.mountech.onboarding.presentation.screen.OnboardingKt.MoviePager.<no name provided>.invokeSuspend$lambda$1.<no name provided><T of com.mountech.onboarding.presentation.screen.OnboardingKt.MoviePager.<no name provided>.invokeSuspend$lambda$1.<no name provided>>
                      VALUE_PARAMETER name:pagePart index:0 type:kotlin.Float
                      VALUE_PARAMETER CONTINUATION_CLASS name:$completion index:1 type:kotlin.coroutines.Continuation<kotlin.Unit>
                      BLOCK_BODY
                        CLASS CONTINUATION_CLASS CLASS name:<Continuation> modality:FINAL visibility:public/*package*/ superTypes:[kotlin.coroutines.jvm.internal.ContinuationImpl]
                          $this: VALUE_PARAMETER INSTANCE_RECEIVER name:<this> type:com.mountech.onboarding.presentation.screen.OnboardingKt.MoviePager.<no name provided>.invokeSuspend$lambda$1.<no name provided>.emit.<Continuation>
                          FIELD CONTINUATION_CLASS_RESULT_FIELD name:result type:kotlin.Result<kotlin.Any?> visibility:public/*package*/
                          FIELD FIELD_FOR_OUTER_THIS name:this$0 type:com.mountech.onboarding.presentation.screen.OnboardingKt.MoviePager.<no name provided>.invokeSuspend$lambda$1.<no name provided><T of com.mountech.onboarding.presentation.screen.OnboardingKt.MoviePager.<no name provided>.invokeSuspend$lambda$1.<no name provided>> visibility:public/*package*/ [final]
                          FIELD name:label type:kotlin.Int visibility:public/*package*/
                          CONSTRUCTOR visibility:public/*package*/ <> (this$0:com.mountech.onboarding.presentation.screen.OnboardingKt.MoviePager.<no name provided>.invokeSuspend$lambda$1.<no name provided><T of com.mountech.onboarding.presentation.screen.OnboardingKt.MoviePager.<no name provided>.invokeSuspend$lambda$1.<no name provided>>, $completion:kotlin.coroutines.Continuation<com.mountech.onboarding.presentation.screen.OnboardingKt.MoviePager.<no name provided>.invokeSuspend$lambda$1.<no name provided>.emit.<Continuation>>?) returnType:com.mountech.onboarding.presentation.screen.OnboardingKt.MoviePager.<no name provided>.invokeSuspend$lambda$1.<no name provided>.emit.<Continuation> [primary]
                            VALUE_PARAMETER name:this$0 index:0 type:com.mountech.onboarding.presentation.screen.OnboardingKt.MoviePager.<no name provided>.invokeSuspend$lambda$1.<no name provided><T of com.mountech.onboarding.presentation.screen.OnboardingKt.MoviePager.<no name provided>.invokeSuspend$lambda$1.<no name provided>>
                            VALUE_PARAMETER name:$completion index:1 type:kotlin.coroutines.Continuation<com.mountech.onboarding.presentation.screen.OnboardingKt.MoviePager.<no name provided>.invokeSuspend$lambda$1.<no name provided>.emit.<Continuation>>?
                            BLOCK_BODY
                              SET_FIELD 'FIELD FIELD_FOR_OUTER_THIS name:this$0 type:com.mountech.onboarding.presentation.screen.OnboardingKt.MoviePager.<no name provided>.invokeSuspend$lambda$1.<no name provided><T of com.mountech.onboarding.presentation.screen.OnboardingKt.MoviePager.<no name provided>.invokeSuspend$lambda$1.<no name provided>> visibility:public/*package*/ [final] declared in com.mountech.onboarding.presentation.screen.OnboardingKt.MoviePager.<no name provided>.invokeSuspend$lambda$1.<no name provided>.emit.<Continuation>' type=kotlin.Unit origin=null
                                receiver: GET_VAR '<this>: com.mountech.onboarding.presentation.screen.OnboardingKt.MoviePager.<no name provided>.invokeSuspend$lambda$1.<no name provided>.emit.<Continuation> declared in com.mountech.onboarding.presentation.screen.OnboardingKt.MoviePager.<no name provided>.invokeSuspend$lambda$1.<no name provided>.emit.<Continuation>' type=com.mountech.onboarding.presentation.screen.OnboardingKt.MoviePager.<no name provided>.invokeSuspend$lambda$1.<no name provided>.emit.<Continuation> origin=null
                                value: GET_VAR 'this$0: com.mountech.onboarding.presentation.screen.OnboardingKt.MoviePager.<no name provided>.invokeSuspend$lambda$1.<no name provided><T of com.mountech.onboarding.presentation.screen.OnboardingKt.MoviePager.<no name provided>.invokeSuspend$lambda$1.<no name provided>> declared in com.mountech.onboarding.presentation.screen.OnboardingKt.MoviePager.<no name provided>.invokeSuspend$lambda$1.<no name provided>.emit.<Continuation>.<init>' type=com.mountech.onboarding.presentation.screen.OnboardingKt.MoviePager.<no name provided>.invokeSuspend$lambda$1.<no name provided><T of com.mountech.onboarding.presentation.screen.OnboardingKt.MoviePager.<no name provided>.invokeSuspend$lambda$1.<no name provided>> origin=null
                              DELEGATING_CONSTRUCTOR_CALL 'public constructor <init> ($completion: kotlin.coroutines.Continuation<kotlin.Any?>?) declared in kotlin.coroutines.jvm.internal.ContinuationImpl'
                                $completion: GET_VAR '$completion: kotlin.coroutines.Continuation<com.mountech.onboarding.presentation.screen.OnboardingKt.MoviePager.<no name provided>.invokeSuspend$lambda$1.<no name provided>.emit.<Continuation>>? declared in com.mountech.onboarding.presentation.screen.OnboardingKt.MoviePager.<no name provided>.invokeSuspend$lambda$1.<no name provided>.emit.<Continuation>.<init>' type=kotlin.coroutines.Continuation<com.mountech.onboarding.presentation.screen.OnboardingKt.MoviePager.<no name provided>.invokeSuspend$lambda$1.<no name provided>.emit.<Continuation>>? origin=null
                          FUN name:invokeSuspend visibility:public modality:FINAL <> ($this:com.mountech.onboarding.presentation.screen.OnboardingKt.MoviePager.<no name provided>.invokeSuspend$lambda$1.<no name provided>.emit.<Continuation>, $result:kotlin.Result<kotlin.Any?>) returnType:kotlin.Any?
                            overridden:
                              public abstract fun invokeSuspend ($result: kotlin.Result<kotlin.Any?>): kotlin.Any? declared in kotlin.coroutines.jvm.internal.ContinuationImpl
                            $this: VALUE_PARAMETER INSTANCE_RECEIVER name:<this> type:com.mountech.onboarding.presentation.screen.OnboardingKt.MoviePager.<no name provided>.invokeSuspend$lambda$1.<no name provided>.emit.<Continuation>
                            VALUE_PARAMETER name:$result index:0 type:kotlin.Result<kotlin.Any?>
                            BLOCK_BODY
                              SET_FIELD 'FIELD CONTINUATION_CLASS_RESULT_FIELD name:result type:kotlin.Result<kotlin.Any?> visibility:public/*package*/ declared in com.mountech.onboarding.presentation.screen.OnboardingKt.MoviePager.<no name provided>.invokeSuspend$lambda$1.<no name provided>.emit.<Continuation>' type=kotlin.Unit origin=null
                                receiver: GET_VAR '<this>: com.mountech.onboarding.presentation.screen.OnboardingKt.MoviePager.<no name provided>.invokeSuspend$lambda$1.<no name provided>.emit.<Continuation> declared in com.mountech.onboarding.presentation.screen.OnboardingKt.MoviePager.<no name provided>.invokeSuspend$lambda$1.<no name provided>.emit.<Continuation>.invokeSuspend' type=com.mountech.onboarding.presentation.screen.OnboardingKt.MoviePager.<no name provided>.invokeSuspend$lambda$1.<no name provided>.emit.<Continuation> origin=null
                                value: GET_VAR '$result: kotlin.Result<kotlin.Any?> declared in com.mountech.onboarding.presentation.screen.OnboardingKt.MoviePager.<no name provided>.invokeSuspend$lambda$1.<no name provided>.emit.<Continuation>.invokeSuspend' type=kotlin.Result<kotlin.Any?> origin=null
                              SET_FIELD 'FIELD name:label type:kotlin.Int visibility:public/*package*/ declared in com.mountech.onboarding.presentation.screen.OnboardingKt.MoviePager.<no name provided>.invokeSuspend$lambda$1.<no name provided>.emit.<Continuation>' type=kotlin.Unit origin=null
                                receiver: GET_VAR '<this>: com.mountech.onboarding.presentation.screen.OnboardingKt.MoviePager.<no name provided>.invokeSuspend$lambda$1.<no name provided>.emit.<Continuation> declared in com.mountech.onboarding.presentation.screen.OnboardingKt.MoviePager.<no name provided>.invokeSuspend$lambda$1.<no name provided>.emit.<Continuation>.invokeSuspend' type=com.mountech.onboarding.presentation.screen.OnboardingKt.MoviePager.<no name provided>.invokeSuspend$lambda$1.<no name provided>.emit.<Continuation> origin=null
                                value: CALL 'public final fun or (other: kotlin.Int): kotlin.Int [infix] declared in kotlin.Int' type=kotlin.Int origin=null
                                  $this: GET_FIELD 'FIELD name:label type:kotlin.Int visibility:public/*package*/ declared in com.mountech.onboarding.presentation.screen.OnboardingKt.MoviePager.<no name provided>.invokeSuspend$lambda$1.<no name provided>.emit.<Continuation>' type=kotlin.Int origin=null
                                    receiver: GET_VAR '<this>: com.mountech.onboarding.presentation.screen.OnboardingKt.MoviePager.<no name provided>.invokeSuspend$lambda$1.<no name provided>.emit.<Continuation> declared in com.mountech.onboarding.presentation.screen.OnboardingKt.MoviePager.<no name provided>.invokeSuspend$lambda$1.<no name provided>.emit.<Continuation>.invokeSuspend' type=com.mountech.onboarding.presentation.screen.OnboardingKt.MoviePager.<no name provided>.invokeSuspend$lambda$1.<no name provided>.emit.<Continuation> origin=null
                                  other: CONST Int type=kotlin.Int value=-2147483648
                              RETURN type=kotlin.Nothing from='public final fun invokeSuspend ($result: kotlin.Result<kotlin.Any?>): kotlin.Any? declared in com.mountech.onboarding.presentation.screen.OnboardingKt.MoviePager.<no name provided>.invokeSuspend$lambda$1.<no name provided>.emit.<Continuation>'
                                CALL 'public final fun emit (pagePart: kotlin.Float, $completion: kotlin.coroutines.Continuation<kotlin.Unit>): kotlin.Any? [suspend] declared in com.mountech.onboarding.presentation.screen.OnboardingKt.MoviePager.<no name provided>.invokeSuspend$lambda$1.<no name provided>' type=kotlin.Any? origin=null
                                  $this: GET_FIELD 'FIELD FIELD_FOR_OUTER_THIS name:this$0 type:com.mountech.onboarding.presentation.screen.OnboardingKt.MoviePager.<no name provided>.invokeSuspend$lambda$1.<no name provided><T of com.mountech.onboarding.presentation.screen.OnboardingKt.MoviePager.<no name provided>.invokeSuspend$lambda$1.<no name provided>> visibility:public/*package*/ [final] declared in com.mountech.onboarding.presentation.screen.OnboardingKt.MoviePager.<no name provided>.invokeSuspend$lambda$1.<no name provided>.emit.<Continuation>' type=com.mountech.onboarding.presentation.screen.OnboardingKt.MoviePager.<no name provided>.invokeSuspend$lambda$1.<no name provided><T of com.mountech.onboarding.presentation.screen.OnboardingKt.MoviePager.<no name provided>.invokeSuspend$lambda$1.<no name provided>> origin=null
                                    receiver: GET_VAR '<this>: com.mountech.onboarding.presentation.screen.OnboardingKt.MoviePager.<no name provided>.invokeSuspend$lambda$1.<no name provided>.emit.<Continuation> declared in com.mountech.onboarding.presentation.screen.OnboardingKt.MoviePager.<no name provided>.invokeSuspend$lambda$1.<no name provided>.emit.<Continuation>.invokeSuspend' type=com.mountech.onboarding.presentation.screen.OnboardingKt.MoviePager.<no name provided>.invokeSuspend$lambda$1.<no name provided>.emit.<Continuation> origin=null
                                  pagePart: CONST Float type=kotlin.Float value=0.0
                                  $completion: GET_VAR '<this>: com.mountech.onboarding.presentation.screen.OnboardingKt.MoviePager.<no name provided>.invokeSuspend$lambda$1.<no name provided>.emit.<Continuation> declared in com.mountech.onboarding.presentation.screen.OnboardingKt.MoviePager.<no name provided>.invokeSuspend$lambda$1.<no name provided>.emit.<Continuation>.invokeSuspend' type=com.mountech.onboarding.presentation.screen.OnboardingKt.MoviePager.<no name provided>.invokeSuspend$lambda$1.<no name provided>.emit.<Continuation> origin=null
                        VAR IR_TEMPORARY_VARIABLE name:<destruct> type:kotlin.Pair<kotlin.Int, kotlin.Float> [val]
                          CALL 'public final fun let <T, R> (block: kotlin.Function1<T of kotlin.StandardKt.let, R of kotlin.StandardKt.let>): R of kotlin.StandardKt.let [inline] declared in kotlin.StandardKt' type=kotlin.Pair<kotlin.Int, kotlin.Float> origin=null
                            <T>: @[FlexibleNullability] @[FlexibleArrayElementVariance] kotlin.Array<out @[FlexibleNullability] java.math.BigDecimal?>?
                            <R>: kotlin.Pair<kotlin.Int, kotlin.Float>
                            $receiver: CALL 'public open fun divideAndRemainder (p0: @[FlexibleNullability] java.math.BigDecimal?): @[FlexibleNullability] @[FlexibleArrayElementVariance] kotlin.Array<out @[FlexibleNullability] java.math.BigDecimal?>? declared in java.math.BigDecimal' type=@[FlexibleNullability] @[FlexibleArrayElementVariance] kotlin.Array<out @[FlexibleNullability] java.math.BigDecimal?>? origin=null
                              $this: CALL 'public open fun valueOf (p0: kotlin.Double): @[FlexibleNullability] java.math.BigDecimal? declared in java.math.BigDecimal' type=@[FlexibleNullability] java.math.BigDecimal? origin=null
                                p0: CALL 'public open fun toDouble (): kotlin.Double declared in kotlin.Float' type=kotlin.Double origin=null
                                  $this: GET_VAR 'pagePart: kotlin.Float declared in com.mountech.onboarding.presentation.screen.OnboardingKt.MoviePager.<no name provided>.invokeSuspend$lambda$1.<no name provided>.emit' type=kotlin.Float origin=null
                              p0: GET_FIELD 'FIELD IR_EXTERNAL_JAVA_DECLARATION_STUB name:ONE type:@[FlexibleNullability] java.math.BigDecimal? visibility:public [final,static] declared in java.math.BigDecimal' type=@[FlexibleNullability] java.math.BigDecimal? superQualifierSymbol=java.math.BigDecimal origin=null
                            block: BLOCK type=kotlin.Function1<@[FlexibleNullability] @[FlexibleArrayElementVariance] kotlin.Array<out @[FlexibleNullability] java.math.BigDecimal?>?, kotlin.Pair<kotlin.Int, kotlin.Float>> origin=LAMBDA
                              COMPOSITE type=kotlin.Unit origin=null
                              FUNCTION_REFERENCE 'private final fun emit$lambda$0 (it: @[FlexibleNullability] @[FlexibleArrayElementVariance] kotlin.Array<out @[FlexibleNullability] java.math.BigDecimal?>?): kotlin.Pair<kotlin.Int, kotlin.Float> declared in com.mountech.onboarding.presentation.screen.OnboardingKt.MoviePager.<no name provided>.invokeSuspend$lambda$1.<no name provided>' type=kotlin.Function1<@[FlexibleNullability] @[FlexibleArrayElementVariance] kotlin.Array<out @[FlexibleNullability] java.math.BigDecimal?>?, kotlin.Pair<kotlin.Int, kotlin.Float>> origin=INLINE_LAMBDA reflectionTarget=null
                        VAR name:page type:kotlin.Int [val]
                          CALL 'public final fun component1 (): A of kotlin.Pair [operator] declared in kotlin.Pair' type=kotlin.Int origin=COMPONENT_N(index=1)
                            $this: GET_VAR 'val <destruct>: kotlin.Pair<kotlin.Int, kotlin.Float> [val] declared in com.mountech.onboarding.presentation.screen.OnboardingKt.MoviePager.<no name provided>.invokeSuspend$lambda$1.<no name provided>.emit' type=kotlin.Pair<kotlin.Int, kotlin.Float> origin=null
                        VAR name:offset type:kotlin.Float [val]
                          CALL 'public final fun component2 (): B of kotlin.Pair [operator] declared in kotlin.Pair' type=kotlin.Float origin=COMPONENT_N(index=2)
                            $this: GET_VAR 'val <destruct>: kotlin.Pair<kotlin.Int, kotlin.Float> [val] declared in com.mountech.onboarding.presentation.screen.OnboardingKt.MoviePager.<no name provided>.invokeSuspend$lambda$1.<no name provided>.emit' type=kotlin.Pair<kotlin.Int, kotlin.Float> origin=null
                        RETURN type=kotlin.Nothing from='public final fun emit (pagePart: kotlin.Float, $completion: kotlin.coroutines.Continuation<kotlin.Unit>): kotlin.Any? [suspend] declared in com.mountech.onboarding.presentation.screen.OnboardingKt.MoviePager.<no name provided>.invokeSuspend$lambda$1.<no name provided>'
                          CALL 'public final fun scrollToPage (page: kotlin.Int, pageOffsetFraction: kotlin.Float, $completion: kotlin.coroutines.Continuation<kotlin.Unit>): kotlin.Any? [suspend] declared in androidx.compose.foundation.pager.PagerState' type=kotlin.Unit origin=null
                            $this: GET_FIELD 'FIELD FIELD_FOR_CAPTURED_VALUE name:$followingState type:androidx.compose.foundation.pager.PagerState visibility:public/*package*/ [final] declared in com.mountech.onboarding.presentation.screen.OnboardingKt.MoviePager.<no name provided>.invokeSuspend$lambda$1.<no name provided>' type=androidx.compose.foundation.pager.PagerState origin=null
                              receiver: GET_VAR '<this>: com.mountech.onboarding.presentation.screen.OnboardingKt.MoviePager.<no name provided>.invokeSuspend$lambda$1.<no name provided><T of com.mountech.onboarding.presentation.screen.OnboardingKt.MoviePager.<no name provided>.invokeSuspend$lambda$1.<no name provided>> declared in com.mountech.onboarding.presentation.screen.OnboardingKt.MoviePager.<no name provided>.invokeSuspend$lambda$1.<no name provided>.emit' type=com.mountech.onboarding.presentation.screen.OnboardingKt.MoviePager.<no name provided>.invokeSuspend$lambda$1.<no name provided><T of com.mountech.onboarding.presentation.screen.OnboardingKt.MoviePager.<no name provided>.invokeSuspend$lambda$1.<no name provided>> origin=null
                            page: GET_VAR 'val page: kotlin.Int [val] declared in com.mountech.onboarding.presentation.screen.OnboardingKt.MoviePager.<no name provided>.invokeSuspend$lambda$1.<no name provided>.emit' type=kotlin.Int origin=null
                            pageOffsetFraction: GET_VAR 'val offset: kotlin.Float [val] declared in com.mountech.onboarding.presentation.screen.OnboardingKt.MoviePager.<no name provided>.invokeSuspend$lambda$1.<no name provided>.emit' type=kotlin.Float origin=null
                            $completion: GET_VAR '$completion: kotlin.coroutines.Continuation<kotlin.Unit> declared in com.mountech.onboarding.presentation.screen.OnboardingKt.MoviePager.<no name provided>.invokeSuspend$lambda$1.<no name provided>.emit' type=kotlin.coroutines.Continuation<kotlin.Unit> origin=null
                    FUN FAKE_OVERRIDE name:equals visibility:public modality:OPEN <> ($this:kotlin.Any, other:kotlin.Any?) returnType:kotlin.Boolean [fake_override,operator]
                      overridden:
                        public open fun equals (other: kotlin.Any?): kotlin.Boolean [fake_override,operator] declared in kotlinx.coroutines.flow.FlowCollector
                      $this: VALUE_PARAMETER name:<this> type:kotlin.Any
                      VALUE_PARAMETER name:other index:0 type:kotlin.Any?
                    FUN FAKE_OVERRIDE name:hashCode visibility:public modality:OPEN <> ($this:kotlin.Any) returnType:kotlin.Int [fake_override]
                      overridden:
                        public open fun hashCode (): kotlin.Int [fake_override] declared in kotlinx.coroutines.flow.FlowCollector
                      $this: VALUE_PARAMETER name:<this> type:kotlin.Any
                    FUN FAKE_OVERRIDE name:toString visibility:public modality:OPEN <> ($this:kotlin.Any) returnType:kotlin.String [fake_override]
                      overridden:
                        public open fun toString (): kotlin.String [fake_override] declared in kotlinx.coroutines.flow.FlowCollector
                      $this: VALUE_PARAMETER name:<this> type:kotlin.Any
                    FIELD FIELD_FOR_CAPTURED_VALUE name:$followingState type:androidx.compose.foundation.pager.PagerState visibility:public/*package*/ [final]
                    FUN INLINE_LAMBDA name:emit$lambda$0 visibility:private modality:FINAL <> (it:@[FlexibleNullability] @[FlexibleArrayElementVariance] kotlin.Array<out @[FlexibleNullability] java.math.BigDecimal?>?) returnType:kotlin.Pair<kotlin.Int, kotlin.Float>
                      VALUE_PARAMETER name:it index:0 type:@[FlexibleNullability] @[FlexibleArrayElementVariance] kotlin.Array<out @[FlexibleNullability] java.math.BigDecimal?>?
                      BLOCK_BODY
                        VAR name:$i$a$-let-OnboardingKt$MoviePager$1$1$2$1 type:kotlin.Int [val]
                          CONST Int type=kotlin.Int value=0
                        RETURN type=kotlin.Nothing from='private final fun emit$lambda$0 (it: @[FlexibleNullability] @[FlexibleArrayElementVariance] kotlin.Array<out @[FlexibleNullability] java.math.BigDecimal?>?): kotlin.Pair<kotlin.Int, kotlin.Float> declared in com.mountech.onboarding.presentation.screen.OnboardingKt.MoviePager.<no name provided>.invokeSuspend$lambda$1.<no name provided>'
                          CALL 'public final fun to <A, B> (that: B of kotlin.TuplesKt.to): kotlin.Pair<A of kotlin.TuplesKt.to, B of kotlin.TuplesKt.to> [infix] declared in kotlin.TuplesKt' type=kotlin.Pair<kotlin.Int, kotlin.Float> origin=null
                            <A>: kotlin.Int
                            <B>: kotlin.Float
                            $receiver: CALL 'public open fun toInt (): kotlin.Int declared in java.math.BigDecimal' type=kotlin.Int origin=null
                              $this: CALL 'public final fun get (index: kotlin.Int): T of kotlin.Array [operator] declared in kotlin.Array' type=@[FlexibleNullability] java.math.BigDecimal? origin=GET_ARRAY_ELEMENT
                                $this: GET_VAR 'it: @[FlexibleNullability] @[FlexibleArrayElementVariance] kotlin.Array<out @[FlexibleNullability] java.math.BigDecimal?>? declared in com.mountech.onboarding.presentation.screen.OnboardingKt.MoviePager.<no name provided>.invokeSuspend$lambda$1.<no name provided>.emit$lambda$0' type=@[FlexibleNullability] @[FlexibleArrayElementVariance] kotlin.Array<out @[FlexibleNullability] java.math.BigDecimal?>? origin=null
                                index: CONST Int type=kotlin.Int value=0
                            that: CALL 'public open fun toFloat (): kotlin.Float declared in java.math.BigDecimal' type=kotlin.Float origin=null
                              $this: CALL 'public final fun get (index: kotlin.Int): T of kotlin.Array [operator] declared in kotlin.Array' type=@[FlexibleNullability] java.math.BigDecimal? origin=GET_ARRAY_ELEMENT
                                $this: GET_VAR 'it: @[FlexibleNullability] @[FlexibleArrayElementVariance] kotlin.Array<out @[FlexibleNullability] java.math.BigDecimal?>? declared in com.mountech.onboarding.presentation.screen.OnboardingKt.MoviePager.<no name provided>.invokeSuspend$lambda$1.<no name provided>.emit$lambda$0' type=@[FlexibleNullability] @[FlexibleArrayElementVariance] kotlin.Array<out @[FlexibleNullability] java.math.BigDecimal?>? origin=null
                                index: CONST Int type=kotlin.Int value=1
                    FUN BRIDGE name:emit visibility:public modality:OPEN <> ($this:com.mountech.onboarding.presentation.screen.OnboardingKt.MoviePager.<no name provided>.invokeSuspend$lambda$1.<no name provided><T of com.mountech.onboarding.presentation.screen.OnboardingKt.MoviePager.<no name provided>.invokeSuspend$lambda$1.<no name provided>>, value:kotlin.Any?, $completion:kotlin.coroutines.Continuation<kotlin.Unit>) returnType:kotlin.Any? [suspend]
                      $this: VALUE_PARAMETER INSTANCE_RECEIVER name:<this> type:com.mountech.onboarding.presentation.screen.OnboardingKt.MoviePager.<no name provided>.invokeSuspend$lambda$1.<no name provided><T of com.mountech.onboarding.presentation.screen.OnboardingKt.MoviePager.<no name provided>.invokeSuspend$lambda$1.<no name provided>>
                      VALUE_PARAMETER BRIDGE name:value index:0 type:kotlin.Any?
                      VALUE_PARAMETER BRIDGE name:$completion index:1 type:kotlin.coroutines.Continuation<kotlin.Unit>
                      EXPRESSION_BODY
                        RETURN type=kotlin.Nothing from='public open fun emit (value: kotlin.Any?, $completion: kotlin.coroutines.Continuation<kotlin.Unit>): kotlin.Any? [suspend] declared in com.mountech.onboarding.presentation.screen.OnboardingKt.MoviePager.<no name provided>.invokeSuspend$lambda$1.<no name provided>'
                          CALL 'public final fun emit (pagePart: kotlin.Float, $completion: kotlin.coroutines.Continuation<kotlin.Unit>): kotlin.Any? [suspend] declared in com.mountech.onboarding.presentation.screen.OnboardingKt.MoviePager.<no name provided>.invokeSuspend$lambda$1.<no name provided>' type=kotlin.Any? origin=BRIDGE_DELEGATION
                            $this: GET_VAR '<this>: com.mountech.onboarding.presentation.screen.OnboardingKt.MoviePager.<no name provided>.invokeSuspend$lambda$1.<no name provided><T of com.mountech.onboarding.presentation.screen.OnboardingKt.MoviePager.<no name provided>.invokeSuspend$lambda$1.<no name provided>> declared in com.mountech.onboarding.presentation.screen.OnboardingKt.MoviePager.<no name provided>.invokeSuspend$lambda$1.<no name provided>.emit' type=com.mountech.onboarding.presentation.screen.OnboardingKt.MoviePager.<no name provided>.invokeSuspend$lambda$1.<no name provided><T of com.mountech.onboarding.presentation.screen.OnboardingKt.MoviePager.<no name provided>.invokeSuspend$lambda$1.<no name provided>> origin=null
                            pagePart: TYPE_OP type=kotlin.Float origin=IMPLICIT_CAST typeOperand=kotlin.Float
                              GET_VAR 'value: kotlin.Any? declared in com.mountech.onboarding.presentation.screen.OnboardingKt.MoviePager.<no name provided>.invokeSuspend$lambda$1.<no name provided>.emit' type=kotlin.Any? origin=null
                            $completion: TYPE_OP type=kotlin.coroutines.Continuation<*> origin=IMPLICIT_CAST typeOperand=kotlin.coroutines.Continuation<*>
                              GET_VAR '$completion: kotlin.coroutines.Continuation<kotlin.Unit> declared in com.mountech.onboarding.presentation.screen.OnboardingKt.MoviePager.<no name provided>.invokeSuspend$lambda$1.<no name provided>.emit' type=kotlin.coroutines.Continuation<kotlin.Unit> origin=null
                  CONSTRUCTOR_CALL 'public/*package*/ constructor <init> ($followingState: androidx.compose.foundation.pager.PagerState) [primary] declared in com.mountech.onboarding.presentation.screen.OnboardingKt.MoviePager.<no name provided>.invokeSuspend$lambda$1.<no name provided>' type=com.mountech.onboarding.presentation.screen.OnboardingKt.MoviePager.<no name provided>.invokeSuspend$lambda$1.<no name provided><T of com.mountech.onboarding.presentation.screen.OnboardingKt.MoviePager.<no name provided>.invokeSuspend$lambda$1.<no name provided>> origin=null
                    <class: T>: <none>
                    $followingState: GET_VAR 'val followingState: androidx.compose.foundation.pager.PagerState [val] declared in com.mountech.onboarding.presentation.screen.OnboardingKt.MoviePager.<no name provided>.invokeSuspend$lambda$1' type=androidx.compose.foundation.pager.PagerState origin=null
                $completion: COMPOSITE type=kotlin.coroutines.Continuation<kotlin.Unit> origin=FAKE_CONTINUATION
          FUN BRIDGE name:invoke visibility:public modality:OPEN <> ($this:com.mountech.onboarding.presentation.screen.OnboardingKt.MoviePager.<no name provided>, p1:kotlin.Any?, p2:kotlin.Any?) returnType:kotlin.Any?
            $this: VALUE_PARAMETER INSTANCE_RECEIVER name:<this> type:com.mountech.onboarding.presentation.screen.OnboardingKt.MoviePager.<no name provided>
            VALUE_PARAMETER BRIDGE name:p1 index:0 type:kotlin.Any?
            VALUE_PARAMETER BRIDGE name:p2 index:1 type:kotlin.Any?
            EXPRESSION_BODY
              RETURN type=kotlin.Nothing from='public open fun invoke (p1: kotlin.Any?, p2: kotlin.Any?): kotlin.Any? declared in com.mountech.onboarding.presentation.screen.OnboardingKt.MoviePager.<no name provided>'
                CALL 'public final fun invoke (p1: kotlinx.coroutines.CoroutineScope, p2: kotlin.coroutines.Continuation<kotlin.Unit>?): kotlin.Any? declared in com.mountech.onboarding.presentation.screen.OnboardingKt.MoviePager.<no name provided>' type=kotlin.Any? origin=BRIDGE_DELEGATION
                  $this: GET_VAR '<this>: com.mountech.onboarding.presentation.screen.OnboardingKt.MoviePager.<no name provided> declared in com.mountech.onboarding.presentation.screen.OnboardingKt.MoviePager.<no name provided>.invoke' type=com.mountech.onboarding.presentation.screen.OnboardingKt.MoviePager.<no name provided> origin=null
                  p1: TYPE_OP type=kotlinx.coroutines.CoroutineScope origin=IMPLICIT_CAST typeOperand=kotlinx.coroutines.CoroutineScope
                    GET_VAR 'p1: kotlin.Any? declared in com.mountech.onboarding.presentation.screen.OnboardingKt.MoviePager.<no name provided>.invoke' type=kotlin.Any? origin=null
                  p2: TYPE_OP type=kotlin.coroutines.Continuation<*> origin=IMPLICIT_CAST typeOperand=kotlin.coroutines.Continuation<*>
                    GET_VAR 'p2: kotlin.Any? declared in com.mountech.onboarding.presentation.screen.OnboardingKt.MoviePager.<no name provided>.invoke' type=kotlin.Any? origin=null
        CONSTRUCTOR_CALL 'public/*package*/ constructor <init> ($scrollingPair$delegate: androidx.compose.runtime.State<kotlin.Pair<androidx.compose.foundation.pager.PagerState, androidx.compose.foundation.pager.PagerState>?>, $completion: kotlin.coroutines.Continuation<com.mountech.onboarding.presentation.screen.OnboardingKt.MoviePager.<no name provided>>?) [primary] declared in com.mountech.onboarding.presentation.screen.OnboardingKt.MoviePager.<no name provided>' type=com.mountech.onboarding.presentation.screen.OnboardingKt.MoviePager.<no name provided> origin=null
          $scrollingPair$delegate: GET_VAR 'val scrollingPair$delegate: androidx.compose.runtime.State<kotlin.Pair<androidx.compose.foundation.pager.PagerState, androidx.compose.foundation.pager.PagerState>?> [val] declared in com.mountech.onboarding.presentation.screen.OnboardingKt.MoviePager' type=androidx.compose.runtime.State<kotlin.Pair<androidx.compose.foundation.pager.PagerState, androidx.compose.foundation.pager.PagerState>?> origin=null
          $completion: CONST Null type=kotlin.Nothing? value=null
    CALL 'public final fun Box$default (modifier: androidx.compose.ui.Modifier?, contentAlignment: androidx.compose.ui.Alignment?, propagateMinConstraints: kotlin.Boolean, content: @[Composable] @[ExtensionFunctionType] kotlin.Function1<androidx.compose.foundation.layout.BoxScope, kotlin.Unit>, $mask0: kotlin.Int, $handler: kotlin.Any?): kotlin.Unit [inline] declared in androidx.compose.foundation.layout.BoxKt' type=kotlin.Unit origin=DEFAULT_DISPATCH_CALL
      modifier: CALL 'public final fun fillMaxSize$default (fraction: kotlin.Float, $mask0: kotlin.Int, $handler: kotlin.Any?): androidx.compose.ui.Modifier declared in androidx.compose.foundation.layout.SizeKt' type=androidx.compose.ui.Modifier origin=DEFAULT_DISPATCH_CALL
        $receiver: GET_VAR 'modifier: androidx.compose.ui.Modifier declared in com.mountech.onboarding.presentation.screen.OnboardingKt.MoviePager' type=androidx.compose.ui.Modifier origin=null
        fraction: COMPOSITE type=kotlin.Float origin=DEFAULT_VALUE
          CONST Float type=kotlin.Float value=0.0
        $mask0: CONST Int type=kotlin.Int value=1
        $handler: CONST Null type=kotlin.Any? value=null
      contentAlignment: CALL 'public final fun <get-TopCenter> (): androidx.compose.ui.Alignment declared in androidx.compose.ui.Alignment.Companion' type=androidx.compose.ui.Alignment origin=GET_PROPERTY
        $this: GET_FIELD 'FIELD FIELD_FOR_OBJECT_INSTANCE name:Companion type:androidx.compose.ui.Alignment.Companion visibility:public [final,static] declared in androidx.compose.ui.Alignment' type=androidx.compose.ui.Alignment.Companion origin=null
      propagateMinConstraints: COMPOSITE type=kotlin.Boolean origin=DEFAULT_VALUE
        CONST Boolean type=kotlin.Boolean value=false
      content: BLOCK type=@[ExtensionFunctionType] kotlin.Function1<androidx.compose.foundation.layout.BoxScope, kotlin.Unit> origin=LAMBDA
        COMPOSITE type=kotlin.Unit origin=null
        FUNCTION_REFERENCE 'private final fun MoviePager$lambda$4 ($backgroundPagerState: androidx.compose.foundation.pager.PagerState, $movies: kotlin.collections.List<com.mountech.onboarding.data.models.MovieDto>, $modifier: androidx.compose.ui.Modifier, $movieCardPagerState: androidx.compose.foundation.pager.PagerState): kotlin.Unit declared in com.mountech.onboarding.presentation.screen.OnboardingKt' type=@[ExtensionFunctionType] kotlin.Function1<androidx.compose.foundation.layout.BoxScope, kotlin.Unit> origin=INLINE_LAMBDA reflectionTarget=null
          $backgroundPagerState: GET_VAR 'val backgroundPagerState: androidx.compose.foundation.pager.PagerState [val] declared in com.mountech.onboarding.presentation.screen.OnboardingKt.MoviePager' type=androidx.compose.foundation.pager.PagerState origin=null
          $movies: GET_VAR 'val movies: kotlin.collections.List<com.mountech.onboarding.data.models.MovieDto> [val] declared in com.mountech.onboarding.presentation.screen.OnboardingKt.MoviePager' type=kotlin.collections.List<com.mountech.onboarding.data.models.MovieDto> origin=null
          $modifier: GET_VAR 'modifier: androidx.compose.ui.Modifier declared in com.mountech.onboarding.presentation.screen.OnboardingKt.MoviePager' type=androidx.compose.ui.Modifier origin=null
          $movieCardPagerState: GET_VAR 'val movieCardPagerState: androidx.compose.foundation.pager.PagerState [val] declared in com.mountech.onboarding.presentation.screen.OnboardingKt.MoviePager' type=androidx.compose.foundation.pager.PagerState origin=null
      $mask0: CONST Int type=kotlin.Int value=4
      $handler: CONST Null type=kotlin.Any? value=null

	at org.jetbrains.kotlin.backend.jvm.codegen.FunctionCodegen.generate(FunctionCodegen.kt:48)
	at org.jetbrains.kotlin.backend.jvm.codegen.FunctionCodegen.generate$default(FunctionCodegen.kt:41)
	at org.jetbrains.kotlin.backend.jvm.codegen.ClassCodegen.generateMethodNode(ClassCodegen.kt:407)
	at org.jetbrains.kotlin.backend.jvm.codegen.ClassCodegen.generateMethod(ClassCodegen.kt:424)
	at org.jetbrains.kotlin.backend.jvm.codegen.ClassCodegen.generate(ClassCodegen.kt:169)
	at org.jetbrains.kotlin.backend.jvm.FileCodegen.lower(JvmPhases.kt:39)
	at org.jetbrains.kotlin.backend.common.phaser.PhaseFactoriesKt.createFilePhase$lambda$4(PhaseFactories.kt:71)
	at org.jetbrains.kotlin.backend.common.phaser.PhaseBuildersKt$createSimpleNamedCompilerPhase$1.phaseBody(PhaseBuilders.kt:69)
	at org.jetbrains.kotlin.backend.common.phaser.SimpleNamedCompilerPhase.phaseBody(CompilerPhase.kt:226)
	at org.jetbrains.kotlin.backend.common.phaser.AbstractNamedCompilerPhase.invoke(CompilerPhase.kt:113)
	at org.jetbrains.kotlin.backend.common.phaser.PerformByIrFilePhase.invokeSequential(performByIrFile.kt:52)
	... 45 more
Caused by: org.jetbrains.kotlin.codegen.CompilationException: Back-end (JVM) Internal error: Couldn't inline method call: CALL 'public final fun remember <T> (calculation: @[DisallowComposableCalls] kotlin.Function0<T of androidx.compose.runtime.ComposablesKt.remember>): T of androidx.compose.runtime.ComposablesKt.remember [inline] declared in androidx.compose.runtime.ComposablesKt' type=androidx.compose.runtime.State<kotlin.Pair<androidx.compose.foundation.pager.PagerState, androidx.compose.foundation.pager.PagerState>?> origin=null
Method: null
File is unknown
The root cause java.lang.IllegalStateException was thrown at: org.jetbrains.kotlin.codegen.inline.SourceCompilerForInlineKt.getMethodNode(SourceCompilerForInline.kt:118)
	at org.jetbrains.kotlin.codegen.inline.InlineCodegen.performInline(InlineCodegen.kt:65)
	at org.jetbrains.kotlin.backend.jvm.codegen.IrInlineCodegen.genInlineCall(IrInlineCodegen.kt:163)
	at org.jetbrains.kotlin.backend.jvm.codegen.IrInlineCallGenerator.genCall(IrInlineCallGenerator.kt:36)
	at org.jetbrains.kotlin.backend.jvm.codegen.ExpressionCodegen.visitCall(ExpressionCodegen.kt:598)
	at org.jetbrains.kotlin.backend.jvm.codegen.ExpressionCodegen.visitCall(ExpressionCodegen.kt:134)
	at org.jetbrains.kotlin.ir.expressions.IrCall.accept(IrCall.kt:24)
	at org.jetbrains.kotlin.backend.jvm.codegen.ExpressionCodegen.visitVariable(ExpressionCodegen.kt:735)
	at org.jetbrains.kotlin.backend.jvm.codegen.ExpressionCodegen.visitVariable(ExpressionCodegen.kt:134)
	at org.jetbrains.kotlin.ir.declarations.IrVariable.accept(IrVariable.kt:36)
	at org.jetbrains.kotlin.backend.jvm.codegen.ExpressionCodegen.visitStatementContainer(ExpressionCodegen.kt:524)
	at org.jetbrains.kotlin.backend.jvm.codegen.ExpressionCodegen.visitBlockBody(ExpressionCodegen.kt:529)
	at org.jetbrains.kotlin.backend.jvm.codegen.ExpressionCodegen.visitBlockBody(ExpressionCodegen.kt:134)
	at org.jetbrains.kotlin.ir.expressions.IrBlockBody.accept(IrBlockBody.kt:20)
	at org.jetbrains.kotlin.backend.jvm.codegen.ExpressionCodegen.generate(ExpressionCodegen.kt:236)
	at org.jetbrains.kotlin.backend.jvm.codegen.FunctionCodegen.doGenerate(FunctionCodegen.kt:124)
	at org.jetbrains.kotlin.backend.jvm.codegen.FunctionCodegen.generate(FunctionCodegen.kt:45)
	... 55 more
Caused by: java.lang.IllegalStateException: couldn't find inline method Landroidx/compose/runtime/ComposablesKt;.remember(Lkotlin/jvm/functions/Function0;)Ljava/lang/Object;
	at org.jetbrains.kotlin.codegen.inline.SourceCompilerForInlineKt.getMethodNode(SourceCompilerForInline.kt:118)
	at org.jetbrains.kotlin.codegen.inline.SourceCompilerForInlineKt.loadCompiledInlineFunction(SourceCompilerForInline.kt:96)
	at org.jetbrains.kotlin.backend.jvm.codegen.IrSourceCompilerForInline.compileInlineFunction(IrSourceCompilerForInline.kt:91)
	at org.jetbrains.kotlin.codegen.inline.InlineCodegen.compileInline(InlineCodegen.kt:43)
	at org.jetbrains.kotlin.codegen.inline.InlineCodegen.performInline(InlineCodegen.kt:51)
	... 70 more


